        -:    0:Source:/home/axx/Desktop/Lab_2-Gestiune_cont_bancar-/Infrastructura/domain.c
        -:    0:Graph:/home/axx/Desktop/Lab_2-Gestiune_cont_bancar-/cmake-build-debug-coverage/CMakeFiles/Lab_2_Gestiune_cont_bancar_.dir/Infrastructura/domain.c.gcno
        -:    0:Data:/home/axx/Desktop/Lab_2-Gestiune_cont_bancar-/cmake-build-debug-coverage/CMakeFiles/Lab_2_Gestiune_cont_bancar_.dir/Infrastructura/domain.c.gcda
        -:    0:Runs:1
        -:    1:
        -:    2:#include "../Infrastructura/domain.h"
        -:    3:
        -:    4:#include <math.h>
        -:    5:#include <stdio.h>
        -:    6:#include <stdlib.h>
        -:    7:#include <string.h>
function creaza_tranzactie called 17 returned 100% blocks executed 100%
       17:    8:Tranzactie* creaza_tranzactie(int id, int suma, int ziua, enum tip tip, char* descriere)
        -:    9:{
       17:   10:    Tranzactie* tranz =  (Tranzactie*)malloc(sizeof(Tranzactie));
       17:   11:    tranz->id = id;
       17:   12:    tranz->suma = suma;
       17:   13:    tranz->ziua = ziua;
       17:   14:    tranz->tip = tip;
       17:   15:    tranz->descriere = descriere;
        -:   16:
       17:   17:    return tranz;
       17:   17-block  0
        -:   18:}
        -:   19:
function get_id called 107 returned 100% blocks executed 100%
      107:   20:int get_id(Tranzactie* tranzactie)
        -:   21:{
      107:   22:    return tranzactie->id;
      107:   22-block  0
        -:   23:}
function get_suma called 49 returned 100% blocks executed 100%
       49:   24:int get_suma(Tranzactie* tranzactie)
        -:   25:{
       49:   26:    return tranzactie->suma;
       49:   26-block  0
        -:   27:}
function set_suma called 19 returned 100% blocks executed 100%
       19:   28:void set_suma(Tranzactie* tranzactie, int suma)
        -:   29:{
       19:   30:    tranzactie->suma = suma;
        -:   31:
       19:   32:}
        -:   33:
function get_tip called 24 returned 100% blocks executed 100%
       24:   34:enum tip get_tip(Tranzactie* tranzactie)
        -:   35:{
       24:   36:    return tranzactie->tip;
       24:   36-block  0
        -:   37:}
function set_tip called 20 returned 100% blocks executed 100%
       20:   38:void set_tip(Tranzactie* tranzactie, enum tip tip)
        -:   39:{
       20:   40:  tranzactie->tip = tip;
       20:   41:}
function set_id called 16 returned 100% blocks executed 100%
       16:   42:void set_id(Tranzactie* tranzactie, int id)
        -:   43:{
       16:   44:    tranzactie->id = id;
       16:   45:}
function get_ziua called 34 returned 100% blocks executed 100%
       34:   46:int get_ziua(Tranzactie* tranzactie)
        -:   47:{
       34:   48:    return tranzactie->ziua;
       34:   48-block  0
        -:   49:}
        -:   50:
function set_ziua called 19 returned 100% blocks executed 100%
       19:   51:void set_ziua(Tranzactie* tranzactie, int ziua)
        -:   52:{
       19:   53:    tranzactie->ziua = ziua;
       19:   54:}
        -:   55:
function get_descriere called 34 returned 100% blocks executed 100%
       34:   56:char* get_descriere(Tranzactie* tranzactie)
        -:   57:{
       34:   58:   return tranzactie->descriere;
       34:   58-block  0
        -:   59:}
        -:   60:
function set_descriere called 19 returned 100% blocks executed 100%
       19:   61:void set_descriere(Tranzactie* tranzactie, char* descriere)
        -:   62:{
       19:   63:    tranzactie->descriere = descriere;
       19:   64:}
        -:   65:
function string_tranzactie called 4 returned 100% blocks executed 100%
        4:   66:char* string_tranzactie(Tranzactie* tranz)
        -:   67:{ 
        -:   68:
        4:   69:    char* string = (char*)malloc(sizeof(char)*100);
        4:   70:    string[0]='\0';
        4:   71:    strcat(string,"Tranzactia cu id-ul ");
        -:   72:
        -:   73:   // char id[100], suma[100], ziua[100]
        -:   74:   char id[10] ,suma[10],ziua[10];
        4:   75:  int id_get = get_id(tranz);
        4:   75-block  0
call    0 returned 4
        4:   76:  int suma_get = get_suma(tranz);
call    0 returned 4
        4:   77:  int ziua_get = get_ziua(tranz);
call    0 returned 4
        -:   78:
        -:   79:
        4:   80:    sprintf(id,"%d",id_get);
        4:   81:    sprintf(ziua,"%d",ziua_get);
        4:   82:    sprintf(suma,"%d",suma_get);
        4:   83:    strcat(string,id);
        4:   84:    strcat(string," si suma ");
        -:   85:
        4:   86:    strcat(string,suma);
        -:   87:
        4:   88:    strcat(string," din ziua ");
        -:   89:
        4:   90:    strcat(string,ziua);
        -:   91:
        4:   92:    strcat(string," de tipul ");
        -:   93:
        4:   94:    enum tip tip = get_tip(tranz);
call    0 returned 4
        4:   95:    if(tip == intrare)
branch  0 taken 3 (fallthrough)
branch  1 taken 1
        3:   96:    strcat(string,"intrare");
        3:   96-block  0
        -:   97:    else
        1:   98:    strcat(string,"iesire"); 
        1:   98-block  0
        -:   99:
        4:  100:     strcat(string," are descrierea ");
        -:  101:
        4:  102:     char *p = get_descriere(tranz);
        4:  102-block  0
call    0 returned 4
        4:  103:     strcat(string, p);
        -:  104:
        4:  105:     return string;
        -:  106:
        -:  107:    
        -:  108:}
