        -:    0:Source:C:/Users/Gabi/Desktop/Lab_2-Gestiune_cont_bancar-/Infrastructura/domain.c
        -:    0:Graph:C:\Users\Gabi\Desktop\Lab_2-Gestiune_cont_bancar-\cmake-build-debug-coverage\CMakeFiles\Lab_2_Gestiune_cont_bancar_.dir\Infrastructura\domain.c.gcno
        -:    0:Data:C:\Users\Gabi\Desktop\Lab_2-Gestiune_cont_bancar-\cmake-build-debug-coverage\CMakeFiles\Lab_2_Gestiune_cont_bancar_.dir\Infrastructura\domain.c.gcda
        -:    0:Runs:1
        -:    1:
        -:    2:#include "..\Infrastructura\domain.h"
        -:    3:#include <stdlib.h>
        -:    4:#include <string.h>
function creaza_tranzactie called 14 returned 100% blocks executed 100%
       14:    5:Tranzactie* creaza_tranzactie(int id, int suma, int ziua, enum tip tip, char* descriere)
        -:    6:{
       14:    7:    Tranzactie* tranz =  (Tranzactie*)malloc(sizeof(Tranzactie));
       14:    8:    tranz->id = id;
       14:    9:    tranz->suma = suma;
       14:   10:    tranz->ziua = ziua;
       14:   11:    tranz->tip = tip;
       14:   12:    tranz->descriere = descriere;
        -:   13:
       14:   14:    return tranz;
       14:   14-block  0
        -:   15:}
        -:   16:
function get_id called 76 returned 100% blocks executed 100%
       76:   17:int get_id(Tranzactie* tranzactie)
        -:   18:{
       76:   19:    return tranzactie->id;
       76:   19-block  0
        -:   20:}
function get_suma called 30 returned 100% blocks executed 100%
       30:   21:int get_suma(Tranzactie* tranzactie)
        -:   22:{
       30:   23:    return tranzactie->suma;
       30:   23-block  0
        -:   24:}
function set_suma called 13 returned 100% blocks executed 100%
       13:   25:void set_suma(Tranzactie* tranzactie, int suma)
        -:   26:{
       13:   27:    tranzactie->suma = suma;
        -:   28:
       13:   29:}
        -:   30:
function get_tip called 18 returned 100% blocks executed 100%
       18:   31:enum tip get_tip(Tranzactie* tranzactie)
        -:   32:{
       18:   33:    return tranzactie->tip;
       18:   33-block  0
        -:   34:}
function set_tip called 14 returned 100% blocks executed 100%
       14:   35:void set_tip(Tranzactie* tranzactie, enum tip tip)
        -:   36:{
       14:   37:  tranzactie->tip = tip;
       14:   38:}
function set_id called 10 returned 100% blocks executed 100%
       10:   39:void set_id(Tranzactie* tranzactie, int id)
        -:   40:{
       10:   41:    tranzactie->id = id;
       10:   42:}
function get_ziua called 25 returned 100% blocks executed 100%
       25:   43:int get_ziua(Tranzactie* tranzactie)
        -:   44:{
       25:   45:    return tranzactie->ziua;
       25:   45-block  0
        -:   46:}
        -:   47:
function set_ziua called 13 returned 100% blocks executed 100%
       13:   48:void set_ziua(Tranzactie* tranzactie, int ziua)
        -:   49:{
       13:   50:    tranzactie->ziua = ziua;
       13:   51:}
        -:   52:
function get_descriere called 25 returned 100% blocks executed 100%
       25:   53:char* get_descriere(Tranzactie* tranzactie)
        -:   54:{
       25:   55:   return tranzactie->descriere;
       25:   55-block  0
        -:   56:}
        -:   57:
function set_descriere called 13 returned 100% blocks executed 100%
       13:   58:void set_descriere(Tranzactie* tranzactie, char* descriere)
        -:   59:{
       13:   60:    tranzactie->descriere = descriere;
       13:   61:}
        -:   62:
function string_tranzactie called 4 returned 100% blocks executed 100%
        4:   63:char* string_tranzactie(Tranzactie* tranz)
        -:   64:{ 
        -:   65:
        4:   66:    char* string = (char*)malloc(sizeof(char)*100);
        4:   67:    string[0]='\0';
        4:   68:    strcat(string,"Tranzactia cu id-ul ");
        -:   69:
        -:   70:   // char id[100], suma[100], ziua[100]
        -:   71:   char id[10] ,suma[10],ziua[10];
        4:   72:     itoa(get_id(tranz),id,10);
        4:   72-block  0
call    0 returned 4
call    1 returned 4
        4:   73:    strcat(string,id);
        4:   74:    strcat(string," si suma ");
        4:   75:     itoa(get_suma(tranz),suma,10);
call    0 returned 4
call    1 returned 4
        4:   76:    strcat(string,suma);
        -:   77:
        4:   78:    strcat(string," din ziua ");
        4:   79:     itoa(get_ziua(tranz),ziua,10);
call    0 returned 4
call    1 returned 4
        4:   80:    strcat(string,ziua);
        -:   81:
        4:   82:    strcat(string," de tipul ");
        -:   83:
        4:   84:    enum tip tip = get_tip(tranz);
call    0 returned 4
        4:   85:    if(tip == intrare)
branch  0 taken 3 (fallthrough)
branch  1 taken 1
        3:   86:    strcat(string,"intrare");
        3:   86-block  0
        -:   87:    else
        1:   88:    strcat(string,"iesire"); 
        1:   88-block  0
        -:   89:
        4:   90:     strcat(string," are descrierea ");
        -:   91:
        4:   92:     char *p = get_descriere(tranz);
        4:   92-block  0
call    0 returned 4
        4:   93:     strcat(string, p);
        -:   94:
        4:   95:     return string;
        -:   96:
        -:   97:    
        -:   98:}
