        -:    0:Source:/home/axx/Desktop/Lab_2-Gestiune_cont_bancar-/main.c
        -:    0:Graph:/home/axx/Desktop/Lab_2-Gestiune_cont_bancar-/cmake-build-debug-coverage/CMakeFiles/Lab_2_Gestiune_cont_bancar_.dir/main.c.gcno
        -:    0:Data:/home/axx/Desktop/Lab_2-Gestiune_cont_bancar-/cmake-build-debug-coverage/CMakeFiles/Lab_2_Gestiune_cont_bancar_.dir/main.c.gcda
        -:    0:Runs:1
        -:    1:#include <stdlib.h>
        -:    2:#include <stdio.h>
        -:    3:#include <string.h>
        -:    4:
        -:    5:#include "Teste/teste.h"
        -:    6:#include "UI/ui.h"
        -:    7:
function main called 1 returned 100% blocks executed 100%
        1:    8:int main()
        1:    9:{  run_all_tests();
        1:    9-block  0
call    0 returned 1
        -:   10:   //run_ui();
        -:   11:
        1:   12:    return 0;
        -:   13:}
