        -:    0:Source:C:/Users/Gabi/Desktop/Lab_2-Gestiune_cont_bancar-/main.c
        -:    0:Graph:C:\Users\Gabi\Desktop\Lab_2-Gestiune_cont_bancar-\cmake-build-debug-coverage\CMakeFiles\Lab_2_Gestiune_cont_bancar_.dir\main.c.gcno
        -:    0:Data:C:\Users\Gabi\Desktop\Lab_2-Gestiune_cont_bancar-\cmake-build-debug-coverage\CMakeFiles\Lab_2_Gestiune_cont_bancar_.dir\main.c.gcda
        -:    0:Runs:1
        -:    1:
        -:    2:
        -:    3:#include "Teste/teste.h"
        -:    4:#include "UI/ui.h"
        -:    5:
function main called 1 returned 100% blocks executed 100%
        1:    6:int main()
        1:    7:{  run_all_tests();
        1:    7-block  0
call    0 returned 1
        -:    8: //  run_ui();
        -:    9:
        1:   10:    return 0;
        -:   11:}
