        -:    0:Source:C:/Users/Gabi/Desktop/Lab_2-Gestiune_cont_bancar-/Teste/teste.c
        -:    0:Graph:C:\Users\Gabi\Desktop\Lab_2-Gestiune_cont_bancar-\cmake-build-debug-coverage\CMakeFiles\Lab_2_Gestiune_cont_bancar_.dir\Teste\teste.c.gcno
        -:    0:Data:C:\Users\Gabi\Desktop\Lab_2-Gestiune_cont_bancar-\cmake-build-debug-coverage\CMakeFiles\Lab_2_Gestiune_cont_bancar_.dir\Teste\teste.c.gcda
        -:    0:Runs:1
        -:    1:#include <assert.h>
        -:    2:#include "../Infrastructura/domain.h"
        -:    3:#include "../Infrastructura/repo.h"
        -:    4:#include "../Service/service.h"
        -:    5:#include "../Validation/valid.h"
        -:    6:#include <string.h>
        -:    7:#include <stdlib.h>
        -:    8:#include <stdio.h>
        -:    9:
        -:   10:void teste_validation();
        -:   11:void teste_domain();
        -:   12:void teste_repository();
        -:   13:void teste_service();
        -:   14:/*
        -:   15:    Functia de rulare a tuturor testelor
        -:   16:*/
function run_all_tests called 1 returned 100% blocks executed 100%
        1:   17:void run_all_tests()
        -:   18:{
        1:   19:    teste_domain();
        1:   19-block  0
call    0 returned 1
        1:   20:    printf("Teste domain trecute!\n");
call    0 returned 1
        1:   21:    teste_repository();
call    0 returned 1
        1:   22:    printf("Teste repository trecute!\n");
call    0 returned 1
        1:   23:    teste_service();
call    0 returned 1
        1:   24:    printf("Teste service trecute!\n");
call    0 returned 1
        1:   25:    teste_validation();
call    0 returned 1
        1:   26:    printf("Teste validation trecute!\n");
call    0 returned 1
        -:   27:
        1:   28:}
        -:   29:/*
        -:   30:Teste pentru functiile legate de service
        -:   31:*/
function teste_service called 1 returned 100% blocks executed 69%
        1:   32:void teste_service()
        -:   33:{       
        1:   34:    int id_1 = 0;
        1:   35:    int suma_1  =50;
        1:   36:    int ziua_1 = 23;
        1:   37:    enum tip tip_1 = intrare;
        1:   38:    char* descriere = (char*)malloc(sizeof(char)*50);
        1:   39:    char* descriere2 = (char*)malloc(sizeof(char)*50);
        1:   40:    strcpy(descriere, "Lemne");
        1:   41:    strcpy(descriere2, "Lemne");
        1:   42:    lista* lista_test = creaza_lista(tranzactii);
        1:   42-block  0
call    0 returned 1
        -:   43:
        -:   44:    char* var_afisare;
        1:   45:    var_afisare = afisare_service(lista_test);
call    0 returned 1
       1*:   46:    assert(var_afisare[0]=='\0');
branch  0 taken 0 (fallthrough)
branch  1 taken 1
    %%%%%:   46-block  0
call    2 never executed
        1:   46-block  1
        1:   47:    free(var_afisare);
        1:   48:    adaugare_service(id_1,  suma_1, ziua_1,  tip_1, descriere, lista_test);
        1:   48-block  0
call    0 returned 1
        1:   49:    adaugare_service(1,  suma_1, ziua_1,  tip_1, descriere2, lista_test);
call    0 returned 1
        1:   50:    var_afisare = afisare_service(lista_test);
call    0 returned 1
       1*:   51:    assert(strcmp("Tranzactia cu id-ul 0 si suma 50 din ziua 23 de tipul intrare are descrierea Lemne\nTranzactia cu id-ul 1 si suma 50 din ziua 23 de tipul intrare are descrierea Lemne\n", var_afisare)==0);
branch  0 taken 0 (fallthrough)
branch  1 taken 1
    %%%%%:   51-block  0
call    2 never executed
        1:   51-block  1
        -:   52:
        1:   53:    free(var_afisare);
        1:   54:    stergere_service(1, lista_test);
        1:   54-block  0
call    0 returned 1
       1*:   55:   assert(adaugare_service(-3,  suma_1, ziua_1,  tip_1, descriere, lista_test)==0);
call    0 returned 1
branch  1 taken 0 (fallthrough)
branch  2 taken 1
    %%%%%:   55-block  0
call    3 never executed
        1:   55-block  1
       1*:   56:    assert(get_tranzactie(lista_test, 0) != (Tranzactie*)NULL);
        1:   56-block  0
call    0 returned 1
branch  1 taken 0 (fallthrough)
branch  2 taken 1
    %%%%%:   56-block  1
call    3 never executed
        1:   56-block  2
        -:   57:
        -:   58:
        1:   59:    descriere2 = (char*)malloc(sizeof(char)*50);
        1:   60:    strcpy(descriere2, "Lemne");
       1*:   61:   assert(modificare_service(1,suma_1+1, ziua_1,  tip_1, descriere, lista_test) == 0 );
        1:   61-block  0
call    0 returned 1
branch  1 taken 0 (fallthrough)
branch  2 taken 1
    %%%%%:   61-block  1
call    3 never executed
        1:   61-block  2
       1*:   62:    assert(modificare_service(0,suma_1+1, ziua_1,  tip_1, descriere2, lista_test) == 1 );
        1:   62-block  0
call    0 returned 1
branch  1 taken 0 (fallthrough)
branch  2 taken 1
    %%%%%:   62-block  1
call    3 never executed
        1:   62-block  2
        -:   63:
        1:   64:    Tranzactie* tranz_modificata = get_tranzactie(lista_test, 0);
        1:   64-block  0
call    0 returned 1
       1*:   65:    assert(get_suma(tranz_modificata)==51);
call    0 returned 1
branch  1 taken 0 (fallthrough)
branch  2 taken 1
    %%%%%:   65-block  0
call    3 never executed
        1:   65-block  1
        -:   66:
       1*:   67:    assert(stergere_service(2,lista_test) == 0);
        1:   67-block  0
call    0 returned 1
branch  1 taken 0 (fallthrough)
branch  2 taken 1
    %%%%%:   67-block  1
call    3 never executed
        1:   67-block  2
       1*:   68:    assert(stergere_service(0,lista_test) == 1);
        1:   68-block  0
call    0 returned 1
branch  1 taken 0 (fallthrough)
branch  2 taken 1
    %%%%%:   68-block  1
call    3 never executed
        1:   68-block  2
        1:   69:  tranz_modificata = get_tranzactie(lista_test, 0);
        1:   69-block  0
call    0 returned 1
       1*:   70:    assert(tranz_modificata == (Tranzactie*)NULL);
branch  0 taken 0 (fallthrough)
branch  1 taken 1
    %%%%%:   70-block  0
call    2 never executed
        1:   70-block  1
        -:   71:
        1:   72:    distruge_lista_tranzactii(lista_test);
        1:   72-block  0
call    0 returned 1
        -:   73:
        -:   74:
        -:   75:
        -:   76:    //TESTE CRITERII
        -:   77:
        1:   78:    lista_test = creaza_lista(tranzactii);
call    0 returned 1
        1:   79:    char* descriere1 = (char*)malloc(sizeof(char)*50);
        1:   80:    strcpy(descriere1, "Prima");
        1:   81:   adaugare_service(0,  100, 2,  intrare, descriere1, lista_test);
call    0 returned 1
        -:   82:
        1:   83:  descriere2 = (char*)malloc(sizeof(char)*50);
        1:   84:    strcpy(descriere2, "Doua");
        1:   85:    adaugare_service(1,  300, 3,  iesire, descriere2, lista_test);
call    0 returned 1
        -:   86:
        -:   87:    lista* lista_temp;
        -:   88:
        1:   89:    lista_temp = criteriu_tip_service(lista_test,intrare);
call    0 returned 1
       1*:   90:    assert(numar_elemente(lista_temp)==1);
call    0 returned 1
branch  1 taken 0 (fallthrough)
branch  2 taken 1
    %%%%%:   90-block  0
call    3 never executed
        1:   90-block  1
        -:   91:    lista* temp ;
        1:   92:    temp = get_all_tranzactii(lista_temp);
        1:   92-block  0
call    0 returned 1
        -:   93:
       1*:   94:    assert(get_id(temp->elemente[0]) == 0);
call    0 returned 1
branch  1 taken 0 (fallthrough)
branch  2 taken 1
    %%%%%:   94-block  0
call    3 never executed
        1:   94-block  1
        -:   95:
        1:   96:    distruge_lista_tranzactii(temp);
        1:   96-block  0
call    0 returned 1
        1:   97:    distruge_lista_tranzactii(lista_temp);
call    0 returned 1
        -:   98:
        1:   99:    lista_temp = criteriu_suma_service(lista_test,150,1);
call    0 returned 1
       1*:  100:    assert(numar_elemente(lista_temp)==1);
call    0 returned 1
branch  1 taken 0 (fallthrough)
branch  2 taken 1
    %%%%%:  100-block  0
call    3 never executed
        1:  100-block  1
        1:  101:     temp =get_all_tranzactii(lista_temp);
        1:  101-block  0
call    0 returned 1
       1*:  102:    assert(get_id(temp->elemente[0]) == 1);
call    0 returned 1
branch  1 taken 0 (fallthrough)
branch  2 taken 1
    %%%%%:  102-block  0
call    3 never executed
        1:  102-block  1
        -:  103:
        -:  104:   /* for(int i =0; i< numar_elemente(lista_temp); i++)
        -:  105:    {
        -:  106:        free(((Tranzactie*)temp->elemente[i])->descriere);
        -:  107:
        -:  108:        free(temp->elemente[i]);
        -:  109:
        -:  110:    }
        -:  111:    free(temp);*/
        -:  112:
        1:  113:    distruge_lista_tranzactii(temp);
        1:  113-block  0
call    0 returned 1
        -:  114:
        1:  115:    distruge_lista_tranzactii(lista_temp);
call    0 returned 1
        1:  116:    distruge_lista_tranzactii(lista_test);
call    0 returned 1
        -:  117:
        1:  118:    lista_test = creaza_lista(tranzactii);
call    0 returned 1
        1:  119:     descriere1 = (char*)malloc(sizeof(char)*50);
        1:  120:    descriere2 = (char*)malloc(sizeof(char)*50);
        1:  121:    char* descriere3 = (char*)malloc(sizeof(char)*50);
        -:  122:
        1:  123:    strcpy(descriere1, "Una");
        1:  124:    strcpy(descriere2, "Doua");
        1:  125:    strcpy(descriere3, "Trei");
        1:  126:    adaugare_service(0,300,2,iesire,descriere1,lista_test);
call    0 returned 1
        1:  127:    adaugare_service(1,1,2,iesire,descriere2,lista_test);
call    0 returned 1
        1:  128:    adaugare_service(2,150,4,intrare,descriere3,lista_test);
call    0 returned 1
        -:  129:
        1:  130:    lista_temp = ordonat_service(lista_test,1);
call    0 returned 1
        -:  131:
        -:  132:
        -:  133:   //printf("%d%d%d",get_id(lista_temp->elemente[0]),get_id(lista_temp->elemente[1]),get_id(lista_temp->elemente[2]) );
        -:  134:
       1*:  135:    assert(get_id(lista_temp->elemente[0]) ==1);
call    0 returned 1
branch  1 taken 0 (fallthrough)
branch  2 taken 1
    %%%%%:  135-block  0
call    3 never executed
        1:  135-block  1
       1*:  136:    assert(get_id(lista_temp->elemente[2]) ==0);
        1:  136-block  0
call    0 returned 1
branch  1 taken 0 (fallthrough)
branch  2 taken 1
    %%%%%:  136-block  1
call    3 never executed
        1:  136-block  2
        -:  137:
        1:  138:    distruge_lista_tranzactii(lista_temp);
        1:  138-block  0
call    0 returned 1
        1:  139:    lista_temp = ordonat_service(lista_test,-1);
call    0 returned 1
       1*:  140:    assert(get_id(lista_temp->elemente[0]) ==0);
call    0 returned 1
branch  1 taken 0 (fallthrough)
branch  2 taken 1
    %%%%%:  140-block  0
call    3 never executed
        1:  140-block  1
       1*:  141:    assert(get_id(lista_temp->elemente[2]) ==1);
        1:  141-block  0
call    0 returned 1
branch  1 taken 0 (fallthrough)
branch  2 taken 1
    %%%%%:  141-block  1
call    3 never executed
        1:  141-block  2
        -:  142:
        1:  143:    distruge_lista_tranzactii(lista_temp);
        1:  143-block  0
call    0 returned 1
        1:  144:    distruge_lista_tranzactii(lista_test);
call    0 returned 1
        -:  145:
        -:  146:
        -:  147:
        1:  148:}
        -:  149:
        -:  150:/*
        -:  151:Teste pentru functiile legate de repository
        -:  152:*/
function teste_repository called 1 returned 100% blocks executed 71%
        1:  153:void teste_repository()
        -:  154:{ 
        1:  155:    lista* l = creaza_lista(tranzactii);
        1:  155-block  0
call    0 returned 1
       1*:  156:    assert(numar_elemente(l) == 0);
call    0 returned 1
branch  1 taken 0 (fallthrough)
branch  2 taken 1
    %%%%%:  156-block  0
call    3 never executed
        1:  156-block  1
        -:  157:    Tranzactie *tranz,*tranz1,*tranz2,*tranz3, *tranz_noua;
        -:  158:    char *d1,*d2,*d3, *d4;
        1:  159:    d1 = (char*)malloc(sizeof(char)*10); d1[0] = '\n';
        1:  160:    d2 = (char*)malloc(sizeof(char)*10); d2[0] = '\n';
        1:  161:    d3 = (char*)malloc(sizeof(char)*10); d3[0] = '\n';
        -:  162:
        1:  163:    strcpy(d1,"cadou");
        1:  164:    strcpy(d2,"cerere");
        1:  165:    strcpy(d3,"imprumut");
        1:  166:    tranz1 = creaza_tranzactie(0,13,5,iesire,d1);
        1:  166-block  0
call    0 returned 1
        1:  167:    tranz2 = creaza_tranzactie(1,15,2,iesire,d2);
call    0 returned 1
        1:  168:    tranz3 = creaza_tranzactie(2,177,6,intrare,d3);
call    0 returned 1
        -:  169:
        1:  170:    adaugare_tranzactie(l,tranz1);
call    0 returned 1
       1*:  171:    assert(numar_elemente(l) == 1);
call    0 returned 1
branch  1 taken 0 (fallthrough)
branch  2 taken 1
    %%%%%:  171-block  0
call    3 never executed
        1:  171-block  1
        1:  172:    adaugare_tranzactie(l,tranz2);
        1:  172-block  0
call    0 returned 1
        1:  173:    adaugare_tranzactie(l,tranz3);
call    0 returned 1
       1*:  174:    assert(numar_elemente(l) == 3);
call    0 returned 1
branch  1 taken 0 (fallthrough)
branch  2 taken 1
    %%%%%:  174-block  0
call    3 never executed
        1:  174-block  1
        -:  175:
        -:  176:
        1:  177:    adaugare_tranzactie(l,tranz3);
        1:  177-block  0
call    0 returned 1
       1*:  178:    assert(numar_elemente(l) == 3);
call    0 returned 1
branch  1 taken 0 (fallthrough)
branch  2 taken 1
    %%%%%:  178-block  0
call    3 never executed
        1:  178-block  1
        -:  179:
        1:  180:    sterge_tranzactie(l, 1);
        1:  180-block  0
call    0 returned 1
        -:  181:
        1:  182:    d2 = (char*)malloc(sizeof(char)*10);
        1:  183:    d2[0] = '\n';
        1:  184:    strcpy(d2,"cerere");
        1:  185:    tranz2 = creaza_tranzactie(1,15,2,iesire,d2);
call    0 returned 1
        -:  186:
        1:  187:    adaugare_tranzactie(l, tranz2);
call    0 returned 1
        1:  188:    tranz2 = creaza_tranzactie(1,15,2,iesire,d2);
call    0 returned 1
        1:  189:    tranz = get_tranzactie(l, 1);
call    0 returned 1
       1*:  190:    assert(get_suma(tranz)==get_suma(tranz2));
call    0 returned 1
call    1 returned 1
branch  2 taken 0 (fallthrough)
branch  3 taken 1
    %%%%%:  190-block  0
call    4 never executed
        1:  190-block  1
        -:  191:
        -:  192://    free(tranz2->descriere);
        1:  193:    free(tranz2);
        1:  194:    tranz = get_tranzactie(l, 3);
        1:  194-block  0
call    0 returned 1
       1*:  195:    assert(tranz==NULL);
branch  0 taken 0 (fallthrough)
branch  1 taken 1
    %%%%%:  195-block  0
call    2 never executed
        1:  195-block  1
        -:  196:   
        -:  197:
        1:  198:    d4 = (char*)malloc(sizeof(char)*10); d4[0] = '\n';
        1:  199:    strcpy(d4,"taxe");
        -:  200:
        -:  201:
        1:  202:    tranz_noua = creaza_tranzactie(2,900,30,iesire,d4);
        1:  202-block  0
call    0 returned 1
        1:  203:    modificare_tranzactie(l, tranz_noua, get_id(tranz3));
call    0 returned 1
call    1 returned 1
        -:  204:
        1:  205:    Tranzactie* tranzactie_cautata_invalida = get_tranzactie(l,7);
call    0 returned 1
       1*:  206:    assert(tranzactie_cautata_invalida == (Tranzactie*)NULL);
branch  0 taken 0 (fallthrough)
branch  1 taken 1
    %%%%%:  206-block  0
call    2 never executed
        1:  206-block  1
        -:  207:
        1:  208:    Tranzactie* tranzactie_cautata = get_tranzactie(l,0);
        1:  208-block  0
call    0 returned 1
       1*:  209:    assert(tranzactie_cautata ==tranz1);
branch  0 taken 0 (fallthrough)
branch  1 taken 1
    %%%%%:  209-block  0
call    2 never executed
        1:  209-block  1
        -:  210:
        -:  211:
        1:  212:    sterge_tranzactie(l, 2);
        1:  212-block  0
call    0 returned 1
        1:  213:    tranzactie_cautata_invalida =get_tranzactie(l,2);
call    0 returned 1
       1*:  214:    assert(tranzactie_cautata_invalida == (Tranzactie*)NULL);
branch  0 taken 0 (fallthrough)
branch  1 taken 1
    %%%%%:  214-block  0
call    2 never executed
        1:  214-block  1
        -:  215:
       1*:  216:    assert(numar_elemente(l) == 2);
        1:  216-block  0
call    0 returned 1
branch  1 taken 0 (fallthrough)
branch  2 taken 1
    %%%%%:  216-block  1
call    3 never executed
        1:  216-block  2
        -:  217:
        -:  218:
        1:  219:    lista * lista_tranzactii = get_all_tranzactii(l);
        1:  219-block  0
call    0 returned 1
        -:  220:
       1*:  221:    assert(get_id(lista_tranzactii->elemente[0])==0);
call    0 returned 1
branch  1 taken 0 (fallthrough)
branch  2 taken 1
    %%%%%:  221-block  0
call    3 never executed
        1:  221-block  1
       1*:  222:    assert(get_id(lista_tranzactii->elemente[1])==1);
        1:  222-block  0
call    0 returned 1
branch  1 taken 0 (fallthrough)
branch  2 taken 1
    %%%%%:  222-block  1
call    3 never executed
        1:  222-block  2
        -:  223:
        1:  224:    distruge_lista_tranzactii(lista_tranzactii);
        1:  224-block  0
call    0 returned 1
        1:  225:    distruge_lista_tranzactii(l);
call    0 returned 1
        -:  226:
        -:  227:
        -:  228:
        -:  229:
        -:  230:    
        -:  231:
        1:  232:}
        -:  233:/*
        -:  234:Teste pentru functiile legate de domain
        -:  235:*/
function teste_domain called 1 returned 100% blocks executed 66%
        1:  236:void teste_domain()
        -:  237:{
        -:  238:    Tranzactie* tranz;
        1:  239:    int id=1;
        1:  240:    int suma=50;
        1:  241:    int ziua=4;
        1:  242:    enum tip tip = intrare;
        1:  243:    char descriere[] = "cadou";
        -:  244:
        1:  245:    tranz = creaza_tranzactie(id,suma,ziua,tip,descriere);
        1:  245-block  0
call    0 returned 1
       1*:  246:    assert(id==get_id(tranz));
call    0 returned 1
branch  1 taken 0 (fallthrough)
branch  2 taken 1
    %%%%%:  246-block  0
call    3 never executed
        1:  246-block  1
       1*:  247:    assert(suma==get_suma(tranz));
        1:  247-block  0
call    0 returned 1
branch  1 taken 0 (fallthrough)
branch  2 taken 1
    %%%%%:  247-block  1
call    3 never executed
        1:  247-block  2
       1*:  248:    assert(ziua==get_ziua(tranz));
        1:  248-block  0
call    0 returned 1
branch  1 taken 0 (fallthrough)
branch  2 taken 1
    %%%%%:  248-block  1
call    3 never executed
        1:  248-block  2
       1*:  249:    assert(strcmp(descriere, get_descriere(tranz))==0);
        1:  249-block  0
call    0 returned 1
branch  1 taken 0 (fallthrough)
branch  2 taken 1
    %%%%%:  249-block  1
call    3 never executed
        1:  249-block  2
        -:  250:   
        1:  251:   int id_nou = 7;
        1:  252:   int suma_nou = 100;
        1:  253:   int ziua_nou=9;
        1:  254:   enum tip tip_nou = iesire;
        1:  255:   char descriere_nou[] = "cerere";
        1:  256:    set_id(tranz,id_nou);
        1:  256-block  0
call    0 returned 1
        1:  257:   set_suma(tranz,suma_nou);
call    0 returned 1
        1:  258:   set_ziua(tranz,ziua_nou);
call    0 returned 1
        1:  259:   set_tip(tranz,tip_nou);
call    0 returned 1
        1:  260:   set_descriere(tranz,descriere_nou);
call    0 returned 1
        -:  261:
       1*:  262:   assert(id_nou==get_id(tranz));
call    0 returned 1
branch  1 taken 0 (fallthrough)
branch  2 taken 1
    %%%%%:  262-block  0
call    3 never executed
        1:  262-block  1
       1*:  263:    assert(suma_nou==get_suma(tranz));
        1:  263-block  0
call    0 returned 1
branch  1 taken 0 (fallthrough)
branch  2 taken 1
    %%%%%:  263-block  1
call    3 never executed
        1:  263-block  2
       1*:  264:    assert(ziua_nou==get_ziua(tranz));
        1:  264-block  0
call    0 returned 1
branch  1 taken 0 (fallthrough)
branch  2 taken 1
    %%%%%:  264-block  1
call    3 never executed
        1:  264-block  2
       1*:  265:    assert(strcmp(descriere_nou, get_descriere(tranz))==0);
        1:  265-block  0
call    0 returned 1
branch  1 taken 0 (fallthrough)
branch  2 taken 1
    %%%%%:  265-block  1
call    3 never executed
        1:  265-block  2
        -:  266:    
        -:  267:    char* string_tranz;
        -:  268:
        1:  269:   string_tranz = string_tranzactie(tranz);
        1:  269-block  0
call    0 returned 1
        -:  270:   // printf("%s\n", string_tranz);
       1*:  271:    assert(strcmp(string_tranz,"Tranzactia cu id-ul 7 si suma 100 din ziua 9 de tipul iesire are descrierea cerere" ) == 0);
branch  0 taken 0 (fallthrough)
branch  1 taken 1
    %%%%%:  271-block  0
call    2 never executed
        1:  271-block  1
        -:  272:
        1:  273:    free(string_tranz);
        1:  274:    set_tip(tranz,intrare);
        1:  274-block  0
call    0 returned 1
        1:  275:    string_tranz = string_tranzactie(tranz);
call    0 returned 1
       1*:  276:    assert(strcmp(string_tranz,"Tranzactia cu id-ul 7 si suma 100 din ziua 9 de tipul intrare are descrierea cerere" ) == 0);
branch  0 taken 0 (fallthrough)
branch  1 taken 1
    %%%%%:  276-block  0
call    2 never executed
        1:  276-block  1
        -:  277:
        1:  278:    free(string_tranz);
        1:  279:    free(tranz);
        -:  280:
        1:  281:}
        -:  282:
        -:  283:/*
        -:  284: Testele legate de validator
        -:  285: */
function teste_validation called 1 returned 100% blocks executed 71%
        1:  286:void teste_validation()
        -:  287:{
        1:  288:    Tranzactie* tranz_invalida = creaza_tranzactie(-2,-23,90,iesire,"");
        1:  288-block  0
call    0 returned 1
        -:  289:
       1*:  290:   assert (tranzactie_valida(tranz_invalida) ==0);
call    0 returned 1
branch  1 taken 0 (fallthrough)
branch  2 taken 1
    %%%%%:  290-block  0
call    3 never executed
        1:  290-block  1
        1:  291:    free(tranz_invalida);
        -:  292:
        1:  293:}
