        -:    0:Source:C:/Users/Gabi/Desktop/Lab_2-Gestiune_cont_bancar-/Teste/teste.c
        -:    0:Graph:C:\Users\Gabi\Desktop\Lab_2-Gestiune_cont_bancar-\cmake-build-debug-coverage\CMakeFiles\Lab_2_Gestiune_cont_bancar_.dir\Teste\teste.c.gcno
        -:    0:Data:C:\Users\Gabi\Desktop\Lab_2-Gestiune_cont_bancar-\cmake-build-debug-coverage\CMakeFiles\Lab_2_Gestiune_cont_bancar_.dir\Teste\teste.c.gcda
        -:    0:Runs:1
        -:    1:#include <assert.h>
        -:    2:#include "..\Infrastructura\domain.h"
        -:    3:#include "..\Infrastructura\repo.h"
        -:    4:#include "..\Service\service.h"
        -:    5:#include "../Validation/valid.h"
        -:    6:#include <string.h>
        -:    7:#include <stdlib.h>
        -:    8:#include <stdio.h>
        -:    9:
        -:   10:void teste_validation();
        -:   11:void teste_domain();
        -:   12:void teste_repository();
        -:   13:void teste_service();
        -:   14:/*
        -:   15:    Functia de rulare a tuturor testelor
        -:   16:*/
function run_all_tests called 1 returned 100% blocks executed 100%
        1:   17:void run_all_tests()
        -:   18:{
        1:   19:    teste_domain();
        1:   19-block  0
call    0 returned 1
        1:   20:    printf("Teste domain trecute!\n");
call    0 returned 1
        1:   21:    teste_repository();
call    0 returned 1
        1:   22:    printf("Teste repository trecute!\n");
call    0 returned 1
        1:   23:    teste_service();
call    0 returned 1
        1:   24:    printf("Teste service trecute!\n");
call    0 returned 1
        1:   25:    teste_validation();
call    0 returned 1
        1:   26:    printf("Teste validation trecute!\n");
call    0 returned 1
        -:   27:
        1:   28:}
        -:   29:/*
        -:   30:Teste pentru functiile legate de service
        -:   31:*/
function teste_service called 1 returned 100% blocks executed 67%
        1:   32:void teste_service()
        -:   33:{       
        1:   34:    int id_1 = 0;
        1:   35:    int suma_1  =50;
        1:   36:    int ziua_1 = 23;
        1:   37:    enum tip tip_1 = intrare;
        1:   38:    char* descriere = (char*)malloc(sizeof(char));
        1:   39:    strcpy(descriere, "Lemne");
        -:   40:
        1:   41:    lista* lista_test = creaza_lista();
        1:   41-block  0
call    0 returned 1
        -:   42:
        -:   43:    char* var_afisare;
        1:   44:    var_afisare = afisare_service(lista_test);
call    0 returned 1
       1*:   45:    assert(var_afisare[0]=='\0');
branch  0 taken 0 (fallthrough)
branch  1 taken 1
    %%%%%:   45-block  0
call    2 never executed
        1:   45-block  1
        1:   46:    free(var_afisare);
        1:   47:    adaugare_service(id_1,  suma_1, ziua_1,  tip_1, descriere, lista_test);
        1:   47-block  0
call    0 returned 1
        1:   48:    adaugare_service(1,  suma_1, ziua_1,  tip_1, descriere, lista_test);
call    0 returned 1
        1:   49:    var_afisare = afisare_service(lista_test);
call    0 returned 1
       1*:   50:    assert(strcmp("Tranzactia cu id-ul 0 si suma 50 din ziua 23 de tipul intrare are descrierea Lemne\nTranzactia cu id-ul 1 si suma 50 din ziua 23 de tipul intrare are descrierea Lemne\n", var_afisare)==0);
branch  0 taken 0 (fallthrough)
branch  1 taken 1
    %%%%%:   50-block  0
call    2 never executed
        1:   50-block  1
        -:   51:
        1:   52:    free(var_afisare);
        1:   53:    stergere_service(1, lista_test);
        1:   53-block  0
call    0 returned 1
       1*:   54:   assert(adaugare_service(-3,  suma_1, ziua_1,  tip_1, descriere, lista_test)==0);
call    0 returned 1
branch  1 taken 0 (fallthrough)
branch  2 taken 1
    %%%%%:   54-block  0
call    3 never executed
        1:   54-block  1
       1*:   55:    assert(get_tranzactie(lista_test, 0) != (Tranzactie*)NULL);
        1:   55-block  0
call    0 returned 1
branch  1 taken 0 (fallthrough)
branch  2 taken 1
    %%%%%:   55-block  1
call    3 never executed
        1:   55-block  2
        -:   56:
       1*:   57:   assert(modificare_service(1,suma_1+1, ziua_1,  tip_1, descriere, lista_test) == 0 );
        1:   57-block  0
call    0 returned 1
branch  1 taken 0 (fallthrough)
branch  2 taken 1
    %%%%%:   57-block  1
call    3 never executed
        1:   57-block  2
       1*:   58:    assert(modificare_service(0,suma_1+1, ziua_1,  tip_1, descriere, lista_test) == 1 );
        1:   58-block  0
call    0 returned 1
branch  1 taken 0 (fallthrough)
branch  2 taken 1
    %%%%%:   58-block  1
call    3 never executed
        1:   58-block  2
        -:   59:
        1:   60:    Tranzactie* tranz_modificata = get_tranzactie(lista_test, 0);
        1:   60-block  0
call    0 returned 1
       1*:   61:    assert(get_suma(tranz_modificata)==51);
call    0 returned 1
branch  1 taken 0 (fallthrough)
branch  2 taken 1
    %%%%%:   61-block  0
call    3 never executed
        1:   61-block  1
        -:   62:
       1*:   63:    assert(stergere_service(2,lista_test) == 0);
        1:   63-block  0
call    0 returned 1
branch  1 taken 0 (fallthrough)
branch  2 taken 1
    %%%%%:   63-block  1
call    3 never executed
        1:   63-block  2
       1*:   64:    assert(stergere_service(0,lista_test) == 1);
        1:   64-block  0
call    0 returned 1
branch  1 taken 0 (fallthrough)
branch  2 taken 1
    %%%%%:   64-block  1
call    3 never executed
        1:   64-block  2
        1:   65:  tranz_modificata = get_tranzactie(lista_test, 0);
        1:   65-block  0
call    0 returned 1
       1*:   66:    assert(tranz_modificata == (Tranzactie*)NULL);
branch  0 taken 0 (fallthrough)
branch  1 taken 1
    %%%%%:   66-block  0
call    2 never executed
        1:   66-block  1
        -:   67:
        1:   68:    distruge(lista_test);
        1:   68-block  0
call    0 returned 1
        -:   69:
        -:   70:
        -:   71:
        -:   72:    //TESTE CRITERII
        -:   73:
        1:   74:    lista_test = creaza_lista();
call    0 returned 1
        1:   75:    char* descriere1 = (char*)malloc(sizeof(char)*50);
        1:   76:    strcpy(descriere1, "Prima");
        1:   77:   adaugare_service(0,  100, 2,  intrare, descriere1, lista_test);
call    0 returned 1
        -:   78:
        1:   79:    char* descriere2 = (char*)malloc(sizeof(char)*50);
        1:   80:    strcpy(descriere2, "Doua");
        1:   81:    adaugare_service(1,  300, 3,  iesire, descriere2, lista_test);
call    0 returned 1
        -:   82:
        -:   83:    lista* lista_temp;
        -:   84:
        1:   85:    lista_temp = criteriu_tip_service(lista_test,intrare);
call    0 returned 1
       1*:   86:    assert(numar_elemente(lista_temp)==1);
call    0 returned 1
branch  1 taken 0 (fallthrough)
branch  2 taken 1
    %%%%%:   86-block  0
call    3 never executed
        1:   86-block  1
       1*:   87:    assert(get_id(get_all(lista_temp)[0]) == 0);
        1:   87-block  0
call    0 returned 1
call    1 returned 1
branch  2 taken 0 (fallthrough)
branch  3 taken 1
    %%%%%:   87-block  1
call    4 never executed
        1:   87-block  2
        -:   88:
        1:   89:    free(lista_temp);
        -:   90:
        1:   91:    lista_temp = criteriu_suma_service(lista_test,150,1);
        1:   91-block  0
call    0 returned 1
       1*:   92:    assert(numar_elemente(lista_temp)==1);
call    0 returned 1
branch  1 taken 0 (fallthrough)
branch  2 taken 1
    %%%%%:   92-block  0
call    3 never executed
        1:   92-block  1
       1*:   93:    assert(get_id(get_all(lista_temp)[0]) == 1);
        1:   93-block  0
call    0 returned 1
call    1 returned 1
branch  2 taken 0 (fallthrough)
branch  3 taken 1
    %%%%%:   93-block  1
call    4 never executed
        1:   93-block  2
        -:   94:
        -:   95:
        -:   96:
        1:   97:}
        -:   98:
        -:   99:/*
        -:  100:Teste pentru functiile legate de repository
        -:  101:*/
function teste_repository called 1 returned 100% blocks executed 71%
        1:  102:void teste_repository()
        -:  103:{ 
        1:  104:    lista* l = creaza_lista();
        1:  104-block  0
call    0 returned 1
       1*:  105:    assert(numar_elemente(l) == 0);
call    0 returned 1
branch  1 taken 0 (fallthrough)
branch  2 taken 1
    %%%%%:  105-block  0
call    3 never executed
        1:  105-block  1
        -:  106:    Tranzactie *tranz,*tranz1,*tranz2,*tranz3, *tranz_noua;
        -:  107:    char *d1,*d2,*d3, *d4;
        1:  108:    d1 = (char*)malloc(sizeof(char)*10); d1[0] = '\n';
        1:  109:    d2 = (char*)malloc(sizeof(char)*10); d2[0] = '\n';
        1:  110:    d3 = (char*)malloc(sizeof(char)*10); d3[0] = '\n';
        -:  111:
        1:  112:    strcpy(d1,"cadou");
        1:  113:    strcpy(d2,"cerere");
        1:  114:    strcpy(d3,"imprumut");
        1:  115:    tranz1 = creaza_tranzactie(0,13,5,iesire,d1);
        1:  115-block  0
call    0 returned 1
        1:  116:    tranz2 = creaza_tranzactie(1,15,2,iesire,d2);
call    0 returned 1
        1:  117:    tranz3 = creaza_tranzactie(2,177,6,intrare,d3);
call    0 returned 1
        -:  118:
        1:  119:    adaugare_tranzactie(l,tranz1);
call    0 returned 1
       1*:  120:    assert(numar_elemente(l) == 1);
call    0 returned 1
branch  1 taken 0 (fallthrough)
branch  2 taken 1
    %%%%%:  120-block  0
call    3 never executed
        1:  120-block  1
        1:  121:    adaugare_tranzactie(l,tranz2);
        1:  121-block  0
call    0 returned 1
        1:  122:    adaugare_tranzactie(l,tranz3);
call    0 returned 1
       1*:  123:    assert(numar_elemente(l) == 3);
call    0 returned 1
branch  1 taken 0 (fallthrough)
branch  2 taken 1
    %%%%%:  123-block  0
call    3 never executed
        1:  123-block  1
        -:  124:
        -:  125:
        1:  126:    adaugare_tranzactie(l,tranz3);
        1:  126-block  0
call    0 returned 1
       1*:  127:    assert(numar_elemente(l) == 3);
call    0 returned 1
branch  1 taken 0 (fallthrough)
branch  2 taken 1
    %%%%%:  127-block  0
call    3 never executed
        1:  127-block  1
        -:  128:
        1:  129:    sterge_tranzactie(l, 1);
        1:  129-block  0
call    0 returned 1
        -:  130:
        1:  131:    adaugare_tranzactie(l, tranz2);
call    0 returned 1
        1:  132:    tranz2 = creaza_tranzactie(1,15,2,iesire,d2);
call    0 returned 1
        1:  133:    tranz = get_tranzactie(l, 1);
call    0 returned 1
       1*:  134:    assert(get_suma(tranz)==get_suma(tranz2));
call    0 returned 1
call    1 returned 1
branch  2 taken 0 (fallthrough)
branch  3 taken 1
    %%%%%:  134-block  0
call    4 never executed
        1:  134-block  1
        -:  135:
        1:  136:    tranz = get_tranzactie(l, 3);
        1:  136-block  0
call    0 returned 1
       1*:  137:    assert(tranz==NULL);
branch  0 taken 0 (fallthrough)
branch  1 taken 1
    %%%%%:  137-block  0
call    2 never executed
        1:  137-block  1
        -:  138:   
        -:  139:
        1:  140:    d4 = (char*)malloc(sizeof(char)*10); d4[0] = '\n';
        1:  141:    strcpy(d4,"taxe");
        -:  142:
        -:  143:
        1:  144:    tranz_noua = creaza_tranzactie(2,900,30,iesire,d4);
        1:  144-block  0
call    0 returned 1
        1:  145:    modificare_tranzactie(l, tranz_noua, get_id(tranz3));
call    0 returned 1
call    1 returned 1
        -:  146:
        1:  147:    Tranzactie* tranzactie_cautata_invalida = get_tranzactie(l,7);
call    0 returned 1
       1*:  148:    assert(tranzactie_cautata_invalida == (Tranzactie*)NULL);
branch  0 taken 0 (fallthrough)
branch  1 taken 1
    %%%%%:  148-block  0
call    2 never executed
        1:  148-block  1
        -:  149:
        1:  150:    Tranzactie* tranzactie_cautata = get_tranzactie(l,0);
        1:  150-block  0
call    0 returned 1
       1*:  151:    assert(tranzactie_cautata ==tranz1);
branch  0 taken 0 (fallthrough)
branch  1 taken 1
    %%%%%:  151-block  0
call    2 never executed
        1:  151-block  1
        -:  152:
        -:  153:
        1:  154:    sterge_tranzactie(l, 2);
        1:  154-block  0
call    0 returned 1
        1:  155:    tranzactie_cautata_invalida =get_tranzactie(l,2);
call    0 returned 1
       1*:  156:    assert(tranzactie_cautata_invalida == (Tranzactie*)NULL);
branch  0 taken 0 (fallthrough)
branch  1 taken 1
    %%%%%:  156-block  0
call    2 never executed
        1:  156-block  1
        -:  157:
       1*:  158:    assert(numar_elemente(l) == 2);
        1:  158-block  0
call    0 returned 1
branch  1 taken 0 (fallthrough)
branch  2 taken 1
    %%%%%:  158-block  1
call    3 never executed
        1:  158-block  2
        -:  159:
        -:  160:
        1:  161:    Tranzactie ** lista_tranzactii = get_all(l);
        1:  161-block  0
call    0 returned 1
        -:  162:
       1*:  163:    assert(get_id(lista_tranzactii[0])==0);
call    0 returned 1
branch  1 taken 0 (fallthrough)
branch  2 taken 1
    %%%%%:  163-block  0
call    3 never executed
        1:  163-block  1
       1*:  164:    assert(get_id(lista_tranzactii[1])==1);
        1:  164-block  0
call    0 returned 1
branch  1 taken 0 (fallthrough)
branch  2 taken 1
    %%%%%:  164-block  1
call    3 never executed
        1:  164-block  2
        -:  165:
        3:  166:    for(int i =0; i< numar_elemente(l); i++)
        1:  166-block  0
        3:  166-block  1
call    0 returned 3
branch  1 taken 2
branch  2 taken 1 (fallthrough)
        -:  167:    {
        2:  168:        free(lista_tranzactii[i]);
        2:  168-block  0
        -:  169:    }
        1:  170:    free(lista_tranzactii);
        1:  171:    distruge(l);
        1:  171-block  0
call    0 returned 1
        -:  172:
        -:  173:
        -:  174:
        -:  175:
        -:  176:    
        -:  177:
        1:  178:}
        -:  179:/*
        -:  180:Teste pentru functiile legate de domain
        -:  181:*/
function teste_domain called 1 returned 100% blocks executed 65%
        1:  182:void teste_domain()
        -:  183:{
        -:  184:    Tranzactie* tranz;
        1:  185:    int id=1;
        1:  186:    int suma=50;
        1:  187:    int ziua=4;
        1:  188:    enum tip tip = intrare;
        1:  189:    char descriere[] = "cadou";
        -:  190:
        1:  191:    tranz = creaza_tranzactie(id,suma,ziua,tip,descriere);
        1:  191-block  0
call    0 returned 1
       1*:  192:    assert(id==get_id(tranz));
call    0 returned 1
branch  1 taken 0 (fallthrough)
branch  2 taken 1
    %%%%%:  192-block  0
call    3 never executed
        1:  192-block  1
       1*:  193:    assert(suma==get_suma(tranz));
        1:  193-block  0
call    0 returned 1
branch  1 taken 0 (fallthrough)
branch  2 taken 1
    %%%%%:  193-block  1
call    3 never executed
        1:  193-block  2
       1*:  194:    assert(ziua==get_ziua(tranz));
        1:  194-block  0
call    0 returned 1
branch  1 taken 0 (fallthrough)
branch  2 taken 1
    %%%%%:  194-block  1
call    3 never executed
        1:  194-block  2
       1*:  195:    assert(strcmp(descriere, get_descriere(tranz))==0);
        1:  195-block  0
call    0 returned 1
branch  1 taken 0 (fallthrough)
branch  2 taken 1
    %%%%%:  195-block  1
call    3 never executed
        1:  195-block  2
        -:  196:   
        -:  197:   //int id_nou = 7;
        1:  198:   int suma_nou = 100;
        1:  199:   int ziua_nou=9;
        1:  200:   enum tip tip_nou = iesire;
        1:  201:   char descriere_nou[] = "cerere";
        -:  202:
        1:  203:   set_suma(tranz,suma_nou);
        1:  203-block  0
call    0 returned 1
        1:  204:   set_ziua(tranz,ziua_nou);
call    0 returned 1
        1:  205:   set_tip(tranz,tip_nou);
call    0 returned 1
        1:  206:   set_descriere(tranz,descriere_nou);
call    0 returned 1
        -:  207:
       1*:  208:   assert(id==get_id(tranz));
call    0 returned 1
branch  1 taken 0 (fallthrough)
branch  2 taken 1
    %%%%%:  208-block  0
call    3 never executed
        1:  208-block  1
       1*:  209:    assert(suma_nou==get_suma(tranz));
        1:  209-block  0
call    0 returned 1
branch  1 taken 0 (fallthrough)
branch  2 taken 1
    %%%%%:  209-block  1
call    3 never executed
        1:  209-block  2
       1*:  210:    assert(ziua_nou==get_ziua(tranz));
        1:  210-block  0
call    0 returned 1
branch  1 taken 0 (fallthrough)
branch  2 taken 1
    %%%%%:  210-block  1
call    3 never executed
        1:  210-block  2
       1*:  211:    assert(strcmp(descriere_nou, get_descriere(tranz))==0);
        1:  211-block  0
call    0 returned 1
branch  1 taken 0 (fallthrough)
branch  2 taken 1
    %%%%%:  211-block  1
call    3 never executed
        1:  211-block  2
        -:  212:    
        1:  213:    char* string_tranz = (char*)malloc(sizeof(char));
        -:  214:
        1:  215:   string_tranz = string_tranzactie(tranz);
        1:  215-block  0
call    0 returned 1
        -:  216:   // printf("%s\n", string_tranz);
       1*:  217:    assert(strcmp(string_tranz,"Tranzactia cu id-ul 1 si suma 100 din ziua 9 de tipul iesire are descrierea cerere" ) == 0);
branch  0 taken 0 (fallthrough)
branch  1 taken 1
    %%%%%:  217-block  0
call    2 never executed
        1:  217-block  1
        -:  218:
        1:  219:    set_tip(tranz,intrare);
        1:  219-block  0
call    0 returned 1
        1:  220:    string_tranz = string_tranzactie(tranz);
call    0 returned 1
       1*:  221:    assert(strcmp(string_tranz,"Tranzactia cu id-ul 1 si suma 100 din ziua 9 de tipul intrare are descrierea cerere" ) == 0);
branch  0 taken 0 (fallthrough)
branch  1 taken 1
    %%%%%:  221-block  0
call    2 never executed
        1:  221-block  1
        -:  222:
        1:  223:    free(string_tranz);
        1:  224:    free(tranz);
        -:  225:
        1:  226:}
        -:  227:
        -:  228:/*
        -:  229: Testele legate de validator
        -:  230: */
function teste_validation called 1 returned 100% blocks executed 71%
        1:  231:void teste_validation()
        -:  232:{
        1:  233:    Tranzactie* tranz_invalida = creaza_tranzactie(-2,-23,90,iesire,"");
        1:  233-block  0
call    0 returned 1
        -:  234:
       1*:  235:   assert (tranzactie_valida(tranz_invalida) ==0);
call    0 returned 1
branch  1 taken 0 (fallthrough)
branch  2 taken 1
    %%%%%:  235-block  0
call    3 never executed
        1:  235-block  1
        -:  236:
        -:  237:
        1:  238:}
