        -:    0:Source:C:/Users/Gabi/Desktop/Lab_2-Gestiune_cont_bancar-/Validation/valid.c
        -:    0:Graph:C:\Users\Gabi\Desktop\Lab_2-Gestiune_cont_bancar-\cmake-build-debug-coverage\CMakeFiles\Lab_2_Gestiune_cont_bancar_.dir\Validation\valid.c.gcno
        -:    0:Data:C:\Users\Gabi\Desktop\Lab_2-Gestiune_cont_bancar-\cmake-build-debug-coverage\CMakeFiles\Lab_2_Gestiune_cont_bancar_.dir\Validation\valid.c.gcda
        -:    0:Runs:1
        -:    1:#include <string.h>
        -:    2:#include "..\Infrastructura\domain.h"
function tranzactie_valida called 7 returned 100% blocks executed 100%
        7:    3:int tranzactie_valida(Tranzactie* tranz)
        -:    4:{
        7:    5:    int id = get_id(tranz);
        7:    5-block  0
call    0 returned 7
        7:    6:    int suma = get_suma(tranz);
call    0 returned 7
        7:    7:    int ziua = get_ziua(tranz);
call    0 returned 7
        -:    8:    
        -:    9:    char descriere[50];
        7:   10:    strcpy(descriere, get_descriere(tranz));
call    0 returned 7
        -:   11: 
        7:   12:    int ok =1;
        -:   13:    
        -:   14:
        7:   15:    if(id < 0)
branch  0 taken 2 (fallthrough)
branch  1 taken 5
        2:   16:    ok=0;
        2:   16-block  0
        7:   17:    if (ziua <1 || ziua >31)
        7:   17-block  0
branch  0 taken 7 (fallthrough)
branch  1 taken 0
        7:   17-block  1
branch  2 taken 1 (fallthrough)
branch  3 taken 6
        1:   18:    ok=0;
        1:   18-block  0
        -:   19:    
        7:   20:    if(descriere[0]=='\0')
        7:   20-block  0
branch  0 taken 1 (fallthrough)
branch  1 taken 6
        1:   21:    ok=0;
        1:   21-block  0
        -:   22:
        7:   23:    return ok;
        7:   23-block  0
        -:   24:
        -:   25:
        -:   26:
        -:   27:}
