        -:    0:Source:C:/Users/Gabi/Desktop/Lab_2-Gestiune_cont_bancar-/Validation/valid.c
        -:    0:Graph:C:\Users\Gabi\Desktop\Lab_2-Gestiune_cont_bancar-\cmake-build-debug-coverage\CMakeFiles\Lab_2_Gestiune_cont_bancar_.dir\Validation\valid.c.gcno
        -:    0:Data:C:\Users\Gabi\Desktop\Lab_2-Gestiune_cont_bancar-\cmake-build-debug-coverage\CMakeFiles\Lab_2_Gestiune_cont_bancar_.dir\Validation\valid.c.gcda
        -:    0:Runs:1
        -:    1:#include <string.h>
        -:    2:#include "../Infrastructura/domain.h"
function tranzactie_valida called 10 returned 100% blocks executed 100%
       10:    3:int tranzactie_valida(Tranzactie* tranz)
        -:    4:{
       10:    5:    int id = get_id(tranz);
       10:    5-block  0
call    0 returned 10
       10:    6:    int suma = get_suma(tranz);
call    0 returned 10
       10:    7:    int ziua = get_ziua(tranz);
call    0 returned 10
        -:    8:    
        -:    9:    char descriere[50];
       10:   10:    strcpy(descriere, get_descriere(tranz));
call    0 returned 10
        -:   11: 
       10:   12:    int ok =1;
        -:   13:    
        -:   14:
       10:   15:    if(id < 0)
branch  0 taken 2 (fallthrough)
branch  1 taken 8
        2:   16:    ok=0;
        2:   16-block  0
       10:   17:    if (ziua <1 || ziua >31)
       10:   17-block  0
branch  0 taken 10 (fallthrough)
branch  1 taken 0
       10:   17-block  1
branch  2 taken 1 (fallthrough)
branch  3 taken 9
        1:   18:    ok=0;
        1:   18-block  0
        -:   19:    
       10:   20:    if(descriere[0]=='\0')
       10:   20-block  0
branch  0 taken 1 (fallthrough)
branch  1 taken 9
        1:   21:    ok=0;
        1:   21-block  0
        -:   22:
       10:   23:    return ok;
       10:   23-block  0
        -:   24:
        -:   25:
        -:   26:
        -:   27:}
